26-05-19 14:08:50:425 [main] INFO  c.p.j.JournalApplication - Starting JournalApplication using Java 26 on BUDDY with PID 36240 (C:\Users\nikhi\IdeaProjects\Journal App\target\classes started by nikhi in C:\Users\nikhi\IdeaProjects\Journal App) 
26-05-19 14:08:50:428 [main] INFO  c.p.j.JournalApplication - The following 1 profile is active: "dev" 
26-05-19 14:08:50:973 [main] INFO  o.s.d.r.c.RepositoryConfigurationDelegate - Bootstrapping Spring Data MongoDB repositories in DEFAULT mode. 
26-05-19 14:08:51:018 [main] INFO  o.s.d.r.c.RepositoryConfigurationDelegate - Finished Spring Data repository scanning in 41 ms. Found 2 MongoDB repository interfaces. 
26-05-19 14:08:51:396 [main] INFO  o.s.b.w.e.tomcat.TomcatWebServer - Tomcat initialized with port(s): 8080 (http) 
26-05-19 14:08:51:411 [main] INFO  o.a.coyote.http11.Http11NioProtocol - Initializing ProtocolHandler ["http-nio-8080"] 
26-05-19 14:08:51:411 [main] INFO  o.a.catalina.core.StandardService - Starting service [Tomcat] 
26-05-19 14:08:51:411 [main] INFO  o.a.catalina.core.StandardEngine - Starting Servlet engine: [Apache Tomcat/9.0.63] 
26-05-19 14:08:51:498 [main] INFO  o.a.c.c.C.[.[localhost].[/journal] - Initializing Spring embedded WebApplicationContext 
26-05-19 14:08:51:499 [main] INFO  o.s.b.w.s.c.ServletWebServerApplicationContext - Root WebApplicationContext: initialization completed in 1026 ms 
26-05-19 14:08:51:853 [main] INFO  org.mongodb.driver.client - MongoClient with metadata {"driver": {"name": "mongo-java-driver|sync|spring-boot", "version": "4.6.0"}, "os": {"type": "Windows", "name": "Windows 11", "architecture": "amd64", "version": "10.0"}, "platform": "Java/Oracle Corporation/26+35-2893", "application": {"name": "Cluster0"}} created with settings MongoClientSettings{readPreference=primary, writeConcern=WriteConcern{w=null, wTimeout=null ms, journal=null}, retryWrites=true, retryReads=true, readConcern=ReadConcern{level=null}, credential=MongoCredential{mechanism=null, userName='nikhilkhatri017_db_user', source='admin', password=<hidden>, mechanismProperties=<hidden>}, streamFactoryFactory=null, commandListeners=[], codecRegistry=ProvidersCodecRegistry{codecProviders=[ValueCodecProvider{}, BsonValueCodecProvider{}, DBRefCodecProvider{}, DBObjectCodecProvider{}, DocumentCodecProvider{}, IterableCodecProvider{}, MapCodecProvider{}, GeoJsonCodecProvider{}, GridFSFileCodecProvider{}, Jsr310CodecProvider{}, JsonObjectCodecProvider{}, BsonCodecProvider{}, EnumCodecProvider{}, com.mongodb.Jep395RecordCodecProvider@e09f1b6]}, clusterSettings={hosts=[127.0.0.1:27017], srvHost=cluster0.y2pqt6y.mongodb.net, srvServiceName=mongodb, mode=MULTIPLE, requiredClusterType=REPLICA_SET, requiredReplicaSetName='atlas-agp8bk-shard-0', serverSelector='null', clusterListeners='[]', serverSelectionTimeout='30000 ms', localThreshold='30000 ms'}, socketSettings=SocketSettings{connectTimeoutMS=10000, readTimeoutMS=0, receiveBufferSize=0, sendBufferSize=0}, heartbeatSocketSettings=SocketSettings{connectTimeoutMS=10000, readTimeoutMS=10000, receiveBufferSize=0, sendBufferSize=0}, connectionPoolSettings=ConnectionPoolSettings{maxSize=100, minSize=0, maxWaitTimeMS=120000, maxConnectionLifeTimeMS=0, maxConnectionIdleTimeMS=0, maintenanceInitialDelayMS=0, maintenanceFrequencyMS=60000, connectionPoolListeners=[], maxConnecting=2}, serverSettings=ServerSettings{heartbeatFrequencyMS=10000, minHeartbeatFrequencyMS=500, serverListeners='[]', serverMonitorListeners='[]'}, sslSettings=SslSettings{enabled=true, invalidHostNameAllowed=false, context=null}, applicationName='Cluster0', compressorList=[], uuidRepresentation=JAVA_LEGACY, serverApi=null, autoEncryptionSettings=null, contextProvider=null} 
26-05-19 14:08:52:017 [cluster-ClusterId{value='6a0c219b57cd7f4cf9b508f1', description='null'}-srv-cluster0.y2pqt6y.mongodb.net] INFO  org.mongodb.driver.cluster - Adding discovered server ac-podweyd-shard-00-02.y2pqt6y.mongodb.net:27017 to client view of cluster 
26-05-19 14:08:52:037 [cluster-ClusterId{value='6a0c219b57cd7f4cf9b508f1', description='null'}-srv-cluster0.y2pqt6y.mongodb.net] INFO  org.mongodb.driver.cluster - Adding discovered server ac-podweyd-shard-00-01.y2pqt6y.mongodb.net:27017 to client view of cluster 
26-05-19 14:08:52:038 [cluster-ClusterId{value='6a0c219b57cd7f4cf9b508f1', description='null'}-srv-cluster0.y2pqt6y.mongodb.net] INFO  org.mongodb.driver.cluster - Adding discovered server ac-podweyd-shard-00-00.y2pqt6y.mongodb.net:27017 to client view of cluster 
26-05-19 14:08:52:102 [main] INFO  org.mongodb.driver.cluster - No server chosen by com.mongodb.client.internal.MongoClientDelegate$1@57fdb8a4 from cluster description ClusterDescription{type=REPLICA_SET, connectionMode=MULTIPLE, serverDescriptions=[ServerDescription{address=ac-podweyd-shard-00-00.y2pqt6y.mongodb.net:27017, type=UNKNOWN, state=CONNECTING}, ServerDescription{address=ac-podweyd-shard-00-01.y2pqt6y.mongodb.net:27017, type=UNKNOWN, state=CONNECTING}, ServerDescription{address=ac-podweyd-shard-00-02.y2pqt6y.mongodb.net:27017, type=UNKNOWN, state=CONNECTING}]}. Waiting for 30000 ms before timing out 
26-05-19 14:08:52:754 [cluster-ClusterId{value='6a0c219b57cd7f4cf9b508f1', description='null'}-ac-podweyd-shard-00-02.y2pqt6y.mongodb.net:27017] INFO  org.mongodb.driver.connection - Opened connection [connectionId{localValue:1, serverValue:712433}] to ac-podweyd-shard-00-02.y2pqt6y.mongodb.net:27017 
26-05-19 14:08:52:754 [cluster-ClusterId{value='6a0c219b57cd7f4cf9b508f1', description='null'}-ac-podweyd-shard-00-01.y2pqt6y.mongodb.net:27017] INFO  org.mongodb.driver.connection - Opened connection [connectionId{localValue:5, serverValue:642485}] to ac-podweyd-shard-00-01.y2pqt6y.mongodb.net:27017 
26-05-19 14:08:52:754 [cluster-rtt-ClusterId{value='6a0c219b57cd7f4cf9b508f1', description='null'}-ac-podweyd-shard-00-00.y2pqt6y.mongodb.net:27017] INFO  org.mongodb.driver.connection - Opened connection [connectionId{localValue:6, serverValue:649558}] to ac-podweyd-shard-00-00.y2pqt6y.mongodb.net:27017 
26-05-19 14:08:52:754 [cluster-rtt-ClusterId{value='6a0c219b57cd7f4cf9b508f1', description='null'}-ac-podweyd-shard-00-01.y2pqt6y.mongodb.net:27017] INFO  org.mongodb.driver.connection - Opened connection [connectionId{localValue:4, serverValue:642485}] to ac-podweyd-shard-00-01.y2pqt6y.mongodb.net:27017 
26-05-19 14:08:52:754 [cluster-rtt-ClusterId{value='6a0c219b57cd7f4cf9b508f1', description='null'}-ac-podweyd-shard-00-02.y2pqt6y.mongodb.net:27017] INFO  org.mongodb.driver.connection - Opened connection [connectionId{localValue:3, serverValue:712433}] to ac-podweyd-shard-00-02.y2pqt6y.mongodb.net:27017 
26-05-19 14:08:52:754 [cluster-ClusterId{value='6a0c219b57cd7f4cf9b508f1', description='null'}-ac-podweyd-shard-00-00.y2pqt6y.mongodb.net:27017] INFO  org.mongodb.driver.connection - Opened connection [connectionId{localValue:2, serverValue:649558}] to ac-podweyd-shard-00-00.y2pqt6y.mongodb.net:27017 
26-05-19 14:08:52:755 [cluster-ClusterId{value='6a0c219b57cd7f4cf9b508f1', description='null'}-ac-podweyd-shard-00-01.y2pqt6y.mongodb.net:27017] INFO  org.mongodb.driver.cluster - Monitor thread successfully connected to server with description ServerDescription{address=ac-podweyd-shard-00-01.y2pqt6y.mongodb.net:27017, type=REPLICA_SET_SECONDARY, state=CONNECTED, ok=true, minWireVersion=0, maxWireVersion=25, maxDocumentSize=16777216, logicalSessionTimeoutMinutes=30, roundTripTimeNanos=345046700, setName='atlas-agp8bk-shard-0', canonicalAddress=ac-podweyd-shard-00-01.y2pqt6y.mongodb.net:27017, hosts=[ac-podweyd-shard-00-00.y2pqt6y.mongodb.net:27017, ac-podweyd-shard-00-02.y2pqt6y.mongodb.net:27017, ac-podweyd-shard-00-01.y2pqt6y.mongodb.net:27017], passives=[], arbiters=[], primary='ac-podweyd-shard-00-02.y2pqt6y.mongodb.net:27017', tagSet=TagSet{[Tag{name='availabilityZone', value='aps1-az3'}, Tag{name='cacheState', value='READY'}, Tag{name='diskState', value='READY'}, Tag{name='nodeType', value='ELECTABLE'}, Tag{name='provider', value='AWS'}, Tag{name='region', value='AP_SOUTH_1'}, Tag{name='workloadType', value='OPERATIONAL'}]}, electionId=null, setVersion=233, topologyVersion=TopologyVersion{processId=6a038f008f04f0d608ece904, counter=3}, lastWriteDate=Tue May 19 14:08:53 IST 2026, lastUpdateTimeNanos=184010056107600} 
26-05-19 14:08:52:755 [cluster-ClusterId{value='6a0c219b57cd7f4cf9b508f1', description='null'}-ac-podweyd-shard-00-02.y2pqt6y.mongodb.net:27017] INFO  org.mongodb.driver.cluster - Monitor thread successfully connected to server with description ServerDescription{address=ac-podweyd-shard-00-02.y2pqt6y.mongodb.net:27017, type=REPLICA_SET_PRIMARY, state=CONNECTED, ok=true, minWireVersion=0, maxWireVersion=25, maxDocumentSize=16777216, logicalSessionTimeoutMinutes=30, roundTripTimeNanos=342340500, setName='atlas-agp8bk-shard-0', canonicalAddress=ac-podweyd-shard-00-02.y2pqt6y.mongodb.net:27017, hosts=[ac-podweyd-shard-00-00.y2pqt6y.mongodb.net:27017, ac-podweyd-shard-00-02.y2pqt6y.mongodb.net:27017, ac-podweyd-shard-00-01.y2pqt6y.mongodb.net:27017], passives=[], arbiters=[], primary='ac-podweyd-shard-00-02.y2pqt6y.mongodb.net:27017', tagSet=TagSet{[Tag{name='availabilityZone', value='aps1-az2'}, Tag{name='cacheState', value='READY'}, Tag{name='diskState', value='READY'}, Tag{name='nodeType', value='ELECTABLE'}, Tag{name='provider', value='AWS'}, Tag{name='region', value='AP_SOUTH_1'}, Tag{name='workloadType', value='OPERATIONAL'}]}, electionId=7fffffff00000000000000fa, setVersion=233, topologyVersion=TopologyVersion{processId=6a038c3a6eee8d7b38c013cf, counter=6}, lastWriteDate=Tue May 19 14:08:53 IST 2026, lastUpdateTimeNanos=184010056107700} 
26-05-19 14:08:52:755 [cluster-ClusterId{value='6a0c219b57cd7f4cf9b508f1', description='null'}-ac-podweyd-shard-00-00.y2pqt6y.mongodb.net:27017] INFO  org.mongodb.driver.cluster - Monitor thread successfully connected to server with description ServerDescription{address=ac-podweyd-shard-00-00.y2pqt6y.mongodb.net:27017, type=REPLICA_SET_SECONDARY, state=CONNECTED, ok=true, minWireVersion=0, maxWireVersion=25, maxDocumentSize=16777216, logicalSessionTimeoutMinutes=30, roundTripTimeNanos=338079600, setName='atlas-agp8bk-shard-0', canonicalAddress=ac-podweyd-shard-00-00.y2pqt6y.mongodb.net:27017, hosts=[ac-podweyd-shard-00-00.y2pqt6y.mongodb.net:27017, ac-podweyd-shard-00-02.y2pqt6y.mongodb.net:27017, ac-podweyd-shard-00-01.y2pqt6y.mongodb.net:27017], passives=[], arbiters=[], primary='ac-podweyd-shard-00-02.y2pqt6y.mongodb.net:27017', tagSet=TagSet{[Tag{name='availabilityZone', value='aps1-az1'}, Tag{name='cacheState', value='READY'}, Tag{name='diskState', value='READY'}, Tag{name='nodeType', value='ELECTABLE'}, Tag{name='provider', value='AWS'}, Tag{name='region', value='AP_SOUTH_1'}, Tag{name='workloadType', value='OPERATIONAL'}]}, electionId=null, setVersion=233, topologyVersion=TopologyVersion{processId=6a0389bbf75b338bbf289a70, counter=4}, lastWriteDate=Tue May 19 14:08:53 IST 2026, lastUpdateTimeNanos=184010056187500} 
26-05-19 14:08:52:757 [cluster-ClusterId{value='6a0c219b57cd7f4cf9b508f1', description='null'}-ac-podweyd-shard-00-02.y2pqt6y.mongodb.net:27017] INFO  org.mongodb.driver.cluster - Setting max election id to 7fffffff00000000000000fa from replica set primary ac-podweyd-shard-00-02.y2pqt6y.mongodb.net:27017 
26-05-19 14:08:52:758 [cluster-ClusterId{value='6a0c219b57cd7f4cf9b508f1', description='null'}-ac-podweyd-shard-00-02.y2pqt6y.mongodb.net:27017] INFO  org.mongodb.driver.cluster - Setting max set version to 233 from replica set primary ac-podweyd-shard-00-02.y2pqt6y.mongodb.net:27017 
26-05-19 14:08:52:758 [cluster-ClusterId{value='6a0c219b57cd7f4cf9b508f1', description='null'}-ac-podweyd-shard-00-02.y2pqt6y.mongodb.net:27017] INFO  org.mongodb.driver.cluster - Discovered replica set primary ac-podweyd-shard-00-02.y2pqt6y.mongodb.net:27017 
26-05-19 14:08:53:051 [main] INFO  org.mongodb.driver.connection - Opened connection [connectionId{localValue:7, serverValue:712421}] to ac-podweyd-shard-00-02.y2pqt6y.mongodb.net:27017 
26-05-19 14:08:53:369 [main] INFO  o.s.s.web.DefaultSecurityFilterChain - Will secure any request with [org.springframework.security.web.session.DisableEncodeUrlFilter@9281d19, org.springframework.security.web.context.request.async.WebAsyncManagerIntegrationFilter@36ad5f2a, org.springframework.security.web.context.SecurityContextPersistenceFilter@177ede17, org.springframework.security.web.header.HeaderWriterFilter@3751acd7, org.springframework.security.web.authentication.logout.LogoutFilter@566c1e71, org.springframework.security.web.authentication.www.BasicAuthenticationFilter@372954e1, org.springframework.security.web.savedrequest.RequestCacheAwareFilter@4e4395c, org.springframework.security.web.servletapi.SecurityContextHolderAwareRequestFilter@41f785e3, org.springframework.security.web.authentication.AnonymousAuthenticationFilter@53cddaf8, org.springframework.security.web.session.SessionManagementFilter@611c3eae, org.springframework.security.web.access.ExceptionTranslationFilter@554566a8, org.springframework.security.web.access.intercept.FilterSecurityInterceptor@1e191150] 
26-05-19 14:08:53:595 [main] INFO  o.a.coyote.http11.Http11NioProtocol - Starting ProtocolHandler ["http-nio-8080"] 
26-05-19 14:08:53:605 [main] INFO  o.s.b.w.e.tomcat.TomcatWebServer - Tomcat started on port(s): 8080 (http) with context path '/journal' 
26-05-19 14:08:53:613 [main] INFO  c.p.j.JournalApplication - Started JournalApplication in 3.54 seconds (JVM running for 4.279) 
26-05-19 14:09:16:540 [http-nio-8080-exec-2] INFO  o.a.c.c.C.[.[localhost].[/journal] - Initializing Spring DispatcherServlet 'dispatcherServlet' 
26-05-19 14:09:16:544 [http-nio-8080-exec-2] INFO  o.s.web.servlet.DispatcherServlet - Initializing Servlet 'dispatcherServlet' 
26-05-19 14:09:16:546 [http-nio-8080-exec-2] INFO  o.s.web.servlet.DispatcherServlet - Completed initialization in 1 ms 
26-05-19 15:11:13:652 [main] INFO  c.p.j.JournalApplication - Starting JournalApplication using Java 26 on BUDDY with PID 36880 (C:\Users\nikhi\IdeaProjects\Journal App\target\classes started by nikhi in C:\Users\nikhi\IdeaProjects\Journal App) 
26-05-19 15:11:13:657 [main] INFO  c.p.j.JournalApplication - The following 1 profile is active: "dev" 
26-05-19 15:11:14:204 [main] INFO  o.s.d.r.c.RepositoryConfigurationDelegate - Bootstrapping Spring Data MongoDB repositories in DEFAULT mode. 
26-05-19 15:11:14:256 [main] INFO  o.s.d.r.c.RepositoryConfigurationDelegate - Finished Spring Data repository scanning in 47 ms. Found 2 MongoDB repository interfaces. 
26-05-19 15:11:14:669 [main] INFO  o.s.b.w.e.tomcat.TomcatWebServer - Tomcat initialized with port(s): 8080 (http) 
26-05-19 15:11:14:680 [main] INFO  o.a.coyote.http11.Http11NioProtocol - Initializing ProtocolHandler ["http-nio-8080"] 
26-05-19 15:11:14:680 [main] INFO  o.a.catalina.core.StandardService - Starting service [Tomcat] 
26-05-19 15:11:14:681 [main] INFO  o.a.catalina.core.StandardEngine - Starting Servlet engine: [Apache Tomcat/9.0.63] 
26-05-19 15:11:14:767 [main] INFO  o.a.c.c.C.[.[localhost].[/journal] - Initializing Spring embedded WebApplicationContext 
26-05-19 15:11:14:767 [main] INFO  o.s.b.w.s.c.ServletWebServerApplicationContext - Root WebApplicationContext: initialization completed in 1054 ms 
26-05-19 15:11:15:075 [main] INFO  org.mongodb.driver.client - MongoClient with metadata {"driver": {"name": "mongo-java-driver|sync|spring-boot", "version": "4.6.0"}, "os": {"type": "Windows", "name": "Windows 11", "architecture": "amd64", "version": "10.0"}, "platform": "Java/Oracle Corporation/26+35-2893", "application": {"name": "Cluster0"}} created with settings MongoClientSettings{readPreference=primary, writeConcern=WriteConcern{w=null, wTimeout=null ms, journal=null}, retryWrites=true, retryReads=true, readConcern=ReadConcern{level=null}, credential=MongoCredential{mechanism=null, userName='nikhilkhatri017_db_user', source='admin', password=<hidden>, mechanismProperties=<hidden>}, streamFactoryFactory=null, commandListeners=[], codecRegistry=ProvidersCodecRegistry{codecProviders=[ValueCodecProvider{}, BsonValueCodecProvider{}, DBRefCodecProvider{}, DBObjectCodecProvider{}, DocumentCodecProvider{}, IterableCodecProvider{}, MapCodecProvider{}, GeoJsonCodecProvider{}, GridFSFileCodecProvider{}, Jsr310CodecProvider{}, JsonObjectCodecProvider{}, BsonCodecProvider{}, EnumCodecProvider{}, com.mongodb.Jep395RecordCodecProvider@6a9cd0f8]}, clusterSettings={hosts=[127.0.0.1:27017], srvHost=cluster0.y2pqt6y.mongodb.net, srvServiceName=mongodb, mode=MULTIPLE, requiredClusterType=REPLICA_SET, requiredReplicaSetName='atlas-agp8bk-shard-0', serverSelector='null', clusterListeners='[]', serverSelectionTimeout='30000 ms', localThreshold='30000 ms'}, socketSettings=SocketSettings{connectTimeoutMS=10000, readTimeoutMS=0, receiveBufferSize=0, sendBufferSize=0}, heartbeatSocketSettings=SocketSettings{connectTimeoutMS=10000, readTimeoutMS=10000, receiveBufferSize=0, sendBufferSize=0}, connectionPoolSettings=ConnectionPoolSettings{maxSize=100, minSize=0, maxWaitTimeMS=120000, maxConnectionLifeTimeMS=0, maxConnectionIdleTimeMS=0, maintenanceInitialDelayMS=0, maintenanceFrequencyMS=60000, connectionPoolListeners=[], maxConnecting=2}, serverSettings=ServerSettings{heartbeatFrequencyMS=10000, minHeartbeatFrequencyMS=500, serverListeners='[]', serverMonitorListeners='[]'}, sslSettings=SslSettings{enabled=true, invalidHostNameAllowed=false, context=null}, applicationName='Cluster0', compressorList=[], uuidRepresentation=JAVA_LEGACY, serverApi=null, autoEncryptionSettings=null, contextProvider=null} 
26-05-19 15:11:15:197 [cluster-ClusterId{value='6a0c303badcc4a64fdddda62', description='null'}-srv-cluster0.y2pqt6y.mongodb.net] INFO  org.mongodb.driver.cluster - Adding discovered server ac-podweyd-shard-00-02.y2pqt6y.mongodb.net:27017 to client view of cluster 
26-05-19 15:11:15:217 [cluster-ClusterId{value='6a0c303badcc4a64fdddda62', description='null'}-srv-cluster0.y2pqt6y.mongodb.net] INFO  org.mongodb.driver.cluster - Adding discovered server ac-podweyd-shard-00-01.y2pqt6y.mongodb.net:27017 to client view of cluster 
26-05-19 15:11:15:218 [cluster-ClusterId{value='6a0c303badcc4a64fdddda62', description='null'}-srv-cluster0.y2pqt6y.mongodb.net] INFO  org.mongodb.driver.cluster - Adding discovered server ac-podweyd-shard-00-00.y2pqt6y.mongodb.net:27017 to client view of cluster 
26-05-19 15:11:15:346 [main] INFO  org.mongodb.driver.cluster - No server chosen by com.mongodb.client.internal.MongoClientDelegate$1@45e617c4 from cluster description ClusterDescription{type=REPLICA_SET, connectionMode=MULTIPLE, serverDescriptions=[ServerDescription{address=ac-podweyd-shard-00-00.y2pqt6y.mongodb.net:27017, type=UNKNOWN, state=CONNECTING}, ServerDescription{address=ac-podweyd-shard-00-01.y2pqt6y.mongodb.net:27017, type=UNKNOWN, state=CONNECTING}, ServerDescription{address=ac-podweyd-shard-00-02.y2pqt6y.mongodb.net:27017, type=UNKNOWN, state=CONNECTING}]}. Waiting for 30000 ms before timing out 
26-05-19 15:11:15:883 [cluster-ClusterId{value='6a0c303badcc4a64fdddda62', description='null'}-ac-podweyd-shard-00-00.y2pqt6y.mongodb.net:27017] INFO  org.mongodb.driver.connection - Opened connection [connectionId{localValue:5, serverValue:654806}] to ac-podweyd-shard-00-00.y2pqt6y.mongodb.net:27017 
26-05-19 15:11:15:883 [cluster-ClusterId{value='6a0c303badcc4a64fdddda62', description='null'}-ac-podweyd-shard-00-01.y2pqt6y.mongodb.net:27017] INFO  org.mongodb.driver.connection - Opened connection [connectionId{localValue:3, serverValue:647735}] to ac-podweyd-shard-00-01.y2pqt6y.mongodb.net:27017 
26-05-19 15:11:15:883 [cluster-rtt-ClusterId{value='6a0c303badcc4a64fdddda62', description='null'}-ac-podweyd-shard-00-01.y2pqt6y.mongodb.net:27017] INFO  org.mongodb.driver.connection - Opened connection [connectionId{localValue:2, serverValue:647735}] to ac-podweyd-shard-00-01.y2pqt6y.mongodb.net:27017 
26-05-19 15:11:15:884 [cluster-ClusterId{value='6a0c303badcc4a64fdddda62', description='null'}-ac-podweyd-shard-00-01.y2pqt6y.mongodb.net:27017] INFO  org.mongodb.driver.cluster - Monitor thread successfully connected to server with description ServerDescription{address=ac-podweyd-shard-00-01.y2pqt6y.mongodb.net:27017, type=REPLICA_SET_SECONDARY, state=CONNECTED, ok=true, minWireVersion=0, maxWireVersion=25, maxDocumentSize=16777216, logicalSessionTimeoutMinutes=30, roundTripTimeNanos=327504000, setName='atlas-agp8bk-shard-0', canonicalAddress=ac-podweyd-shard-00-01.y2pqt6y.mongodb.net:27017, hosts=[ac-podweyd-shard-00-00.y2pqt6y.mongodb.net:27017, ac-podweyd-shard-00-02.y2pqt6y.mongodb.net:27017, ac-podweyd-shard-00-01.y2pqt6y.mongodb.net:27017], passives=[], arbiters=[], primary='ac-podweyd-shard-00-02.y2pqt6y.mongodb.net:27017', tagSet=TagSet{[Tag{name='availabilityZone', value='aps1-az3'}, Tag{name='cacheState', value='READY'}, Tag{name='diskState', value='READY'}, Tag{name='nodeType', value='ELECTABLE'}, Tag{name='provider', value='AWS'}, Tag{name='region', value='AP_SOUTH_1'}, Tag{name='workloadType', value='OPERATIONAL'}]}, electionId=null, setVersion=233, topologyVersion=TopologyVersion{processId=6a038f008f04f0d608ece904, counter=3}, lastWriteDate=Tue May 19 15:11:16 IST 2026, lastUpdateTimeNanos=187753184944700} 
26-05-19 15:11:15:884 [cluster-ClusterId{value='6a0c303badcc4a64fdddda62', description='null'}-ac-podweyd-shard-00-00.y2pqt6y.mongodb.net:27017] INFO  org.mongodb.driver.cluster - Monitor thread successfully connected to server with description ServerDescription{address=ac-podweyd-shard-00-00.y2pqt6y.mongodb.net:27017, type=REPLICA_SET_SECONDARY, state=CONNECTED, ok=true, minWireVersion=0, maxWireVersion=25, maxDocumentSize=16777216, logicalSessionTimeoutMinutes=30, roundTripTimeNanos=328817800, setName='atlas-agp8bk-shard-0', canonicalAddress=ac-podweyd-shard-00-00.y2pqt6y.mongodb.net:27017, hosts=[ac-podweyd-shard-00-00.y2pqt6y.mongodb.net:27017, ac-podweyd-shard-00-02.y2pqt6y.mongodb.net:27017, ac-podweyd-shard-00-01.y2pqt6y.mongodb.net:27017], passives=[], arbiters=[], primary='ac-podweyd-shard-00-02.y2pqt6y.mongodb.net:27017', tagSet=TagSet{[Tag{name='availabilityZone', value='aps1-az1'}, Tag{name='cacheState', value='READY'}, Tag{name='diskState', value='READY'}, Tag{name='nodeType', value='ELECTABLE'}, Tag{name='provider', value='AWS'}, Tag{name='region', value='AP_SOUTH_1'}, Tag{name='workloadType', value='OPERATIONAL'}]}, electionId=null, setVersion=233, topologyVersion=TopologyVersion{processId=6a0389bbf75b338bbf289a70, counter=4}, lastWriteDate=Tue May 19 15:11:16 IST 2026, lastUpdateTimeNanos=187753184979500} 
26-05-19 15:11:15:889 [cluster-rtt-ClusterId{value='6a0c303badcc4a64fdddda62', description='null'}-ac-podweyd-shard-00-00.y2pqt6y.mongodb.net:27017] INFO  org.mongodb.driver.connection - Opened connection [connectionId{localValue:6, serverValue:654806}] to ac-podweyd-shard-00-00.y2pqt6y.mongodb.net:27017 
26-05-19 15:11:15:896 [main] INFO  org.mongodb.driver.cluster - No server chosen by WritableServerSelector from cluster description ClusterDescription{type=REPLICA_SET, connectionMode=MULTIPLE, serverDescriptions=[ServerDescription{address=ac-podweyd-shard-00-00.y2pqt6y.mongodb.net:27017, type=REPLICA_SET_SECONDARY, state=CONNECTED, ok=true, minWireVersion=0, maxWireVersion=25, maxDocumentSize=16777216, logicalSessionTimeoutMinutes=30, roundTripTimeNanos=328817800, setName='atlas-agp8bk-shard-0', canonicalAddress=ac-podweyd-shard-00-00.y2pqt6y.mongodb.net:27017, hosts=[ac-podweyd-shard-00-00.y2pqt6y.mongodb.net:27017, ac-podweyd-shard-00-02.y2pqt6y.mongodb.net:27017, ac-podweyd-shard-00-01.y2pqt6y.mongodb.net:27017], passives=[], arbiters=[], primary='ac-podweyd-shard-00-02.y2pqt6y.mongodb.net:27017', tagSet=TagSet{[Tag{name='availabilityZone', value='aps1-az1'}, Tag{name='cacheState', value='READY'}, Tag{name='diskState', value='READY'}, Tag{name='nodeType', value='ELECTABLE'}, Tag{name='provider', value='AWS'}, Tag{name='region', value='AP_SOUTH_1'}, Tag{name='workloadType', value='OPERATIONAL'}]}, electionId=null, setVersion=233, topologyVersion=TopologyVersion{processId=6a0389bbf75b338bbf289a70, counter=4}, lastWriteDate=Tue May 19 15:11:16 IST 2026, lastUpdateTimeNanos=187753184979500}, ServerDescription{address=ac-podweyd-shard-00-01.y2pqt6y.mongodb.net:27017, type=REPLICA_SET_SECONDARY, state=CONNECTED, ok=true, minWireVersion=0, maxWireVersion=25, maxDocumentSize=16777216, logicalSessionTimeoutMinutes=30, roundTripTimeNanos=327504000, setName='atlas-agp8bk-shard-0', canonicalAddress=ac-podweyd-shard-00-01.y2pqt6y.mongodb.net:27017, hosts=[ac-podweyd-shard-00-00.y2pqt6y.mongodb.net:27017, ac-podweyd-shard-00-02.y2pqt6y.mongodb.net:27017, ac-podweyd-shard-00-01.y2pqt6y.mongodb.net:27017], passives=[], arbiters=[], primary='ac-podweyd-shard-00-02.y2pqt6y.mongodb.net:27017', tagSet=TagSet{[Tag{name='availabilityZone', value='aps1-az3'}, Tag{name='cacheState', value='READY'}, Tag{name='diskState', value='READY'}, Tag{name='nodeType', value='ELECTABLE'}, Tag{name='provider', value='AWS'}, Tag{name='region', value='AP_SOUTH_1'}, Tag{name='workloadType', value='OPERATIONAL'}]}, electionId=null, setVersion=233, topologyVersion=TopologyVersion{processId=6a038f008f04f0d608ece904, counter=3}, lastWriteDate=Tue May 19 15:11:16 IST 2026, lastUpdateTimeNanos=187753184944700}, ServerDescription{address=ac-podweyd-shard-00-02.y2pqt6y.mongodb.net:27017, type=UNKNOWN, state=CONNECTING}]}. Waiting for 30000 ms before timing out 
26-05-19 15:11:15:905 [cluster-rtt-ClusterId{value='6a0c303badcc4a64fdddda62', description='null'}-ac-podweyd-shard-00-02.y2pqt6y.mongodb.net:27017] INFO  org.mongodb.driver.connection - Opened connection [connectionId{localValue:4, serverValue:718296}] to ac-podweyd-shard-00-02.y2pqt6y.mongodb.net:27017 
26-05-19 15:11:15:909 [cluster-ClusterId{value='6a0c303badcc4a64fdddda62', description='null'}-ac-podweyd-shard-00-02.y2pqt6y.mongodb.net:27017] INFO  org.mongodb.driver.connection - Opened connection [connectionId{localValue:1, serverValue:718296}] to ac-podweyd-shard-00-02.y2pqt6y.mongodb.net:27017 
26-05-19 15:11:15:909 [cluster-ClusterId{value='6a0c303badcc4a64fdddda62', description='null'}-ac-podweyd-shard-00-02.y2pqt6y.mongodb.net:27017] INFO  org.mongodb.driver.cluster - Monitor thread successfully connected to server with description ServerDescription{address=ac-podweyd-shard-00-02.y2pqt6y.mongodb.net:27017, type=REPLICA_SET_PRIMARY, state=CONNECTED, ok=true, minWireVersion=0, maxWireVersion=25, maxDocumentSize=16777216, logicalSessionTimeoutMinutes=30, roundTripTimeNanos=351021500, setName='atlas-agp8bk-shard-0', canonicalAddress=ac-podweyd-shard-00-02.y2pqt6y.mongodb.net:27017, hosts=[ac-podweyd-shard-00-00.y2pqt6y.mongodb.net:27017, ac-podweyd-shard-00-02.y2pqt6y.mongodb.net:27017, ac-podweyd-shard-00-01.y2pqt6y.mongodb.net:27017], passives=[], arbiters=[], primary='ac-podweyd-shard-00-02.y2pqt6y.mongodb.net:27017', tagSet=TagSet{[Tag{name='availabilityZone', value='aps1-az2'}, Tag{name='cacheState', value='READY'}, Tag{name='diskState', value='READY'}, Tag{name='nodeType', value='ELECTABLE'}, Tag{name='provider', value='AWS'}, Tag{name='region', value='AP_SOUTH_1'}, Tag{name='workloadType', value='OPERATIONAL'}]}, electionId=7fffffff00000000000000fa, setVersion=233, topologyVersion=TopologyVersion{processId=6a038c3a6eee8d7b38c013cf, counter=6}, lastWriteDate=Tue May 19 15:11:16 IST 2026, lastUpdateTimeNanos=187753212231900} 
26-05-19 15:11:15:910 [cluster-ClusterId{value='6a0c303badcc4a64fdddda62', description='null'}-ac-podweyd-shard-00-02.y2pqt6y.mongodb.net:27017] INFO  org.mongodb.driver.cluster - Setting max election id to 7fffffff00000000000000fa from replica set primary ac-podweyd-shard-00-02.y2pqt6y.mongodb.net:27017 
26-05-19 15:11:15:910 [cluster-ClusterId{value='6a0c303badcc4a64fdddda62', description='null'}-ac-podweyd-shard-00-02.y2pqt6y.mongodb.net:27017] INFO  org.mongodb.driver.cluster - Setting max set version to 233 from replica set primary ac-podweyd-shard-00-02.y2pqt6y.mongodb.net:27017 
26-05-19 15:11:15:910 [cluster-ClusterId{value='6a0c303badcc4a64fdddda62', description='null'}-ac-podweyd-shard-00-02.y2pqt6y.mongodb.net:27017] INFO  org.mongodb.driver.cluster - Discovered replica set primary ac-podweyd-shard-00-02.y2pqt6y.mongodb.net:27017 
26-05-19 15:11:16:278 [main] INFO  org.mongodb.driver.connection - Opened connection [connectionId{localValue:7, serverValue:718308}] to ac-podweyd-shard-00-02.y2pqt6y.mongodb.net:27017 
26-05-19 15:11:16:654 [main] INFO  o.s.s.web.DefaultSecurityFilterChain - Will secure any request with [org.springframework.security.web.session.DisableEncodeUrlFilter@79195c22, org.springframework.security.web.context.request.async.WebAsyncManagerIntegrationFilter@c9b5a99, org.springframework.security.web.context.SecurityContextPersistenceFilter@2997ddfc, org.springframework.security.web.header.HeaderWriterFilter@34a6d9db, org.springframework.security.web.authentication.logout.LogoutFilter@2c48cede, org.springframework.security.web.authentication.www.BasicAuthenticationFilter@241b971f, org.springframework.security.web.savedrequest.RequestCacheAwareFilter@78d73b1b, org.springframework.security.web.servletapi.SecurityContextHolderAwareRequestFilter@1eeb5818, org.springframework.security.web.authentication.AnonymousAuthenticationFilter@70be89ec, org.springframework.security.web.session.SessionManagementFilter@52ba685a, org.springframework.security.web.access.ExceptionTranslationFilter@46468f0, org.springframework.security.web.access.intercept.FilterSecurityInterceptor@3f048c86] 
26-05-19 15:11:16:916 [main] INFO  o.a.coyote.http11.Http11NioProtocol - Starting ProtocolHandler ["http-nio-8080"] 
26-05-19 15:11:16:927 [main] INFO  o.s.b.w.e.tomcat.TomcatWebServer - Tomcat started on port(s): 8080 (http) with context path '/journal' 
26-05-19 15:11:16:934 [main] INFO  c.p.j.JournalApplication - Started JournalApplication in 3.651 seconds (JVM running for 4.29) 
26-05-19 15:13:58:565 [http-nio-8080-exec-1] INFO  o.a.c.c.C.[.[localhost].[/journal] - Initializing Spring DispatcherServlet 'dispatcherServlet' 
26-05-19 15:13:58:567 [http-nio-8080-exec-1] INFO  o.s.web.servlet.DispatcherServlet - Initializing Servlet 'dispatcherServlet' 
26-05-19 15:13:58:569 [http-nio-8080-exec-1] INFO  o.s.web.servlet.DispatcherServlet - Completed initialization in 1 ms 
26-05-19 16:17:46:643 [cluster-ClusterId{value='6a0c303badcc4a64fdddda62', description='null'}-ac-podweyd-shard-00-01.y2pqt6y.mongodb.net:27017] INFO  org.mongodb.driver.cluster - Exception in monitor thread while connecting to server ac-podweyd-shard-00-01.y2pqt6y.mongodb.net:27017 
com.mongodb.MongoSocketReadTimeoutException: Timeout while receiving message
	at com.mongodb.internal.connection.InternalStreamConnection.translateReadException(InternalStreamConnection.java:696)
	at com.mongodb.internal.connection.InternalStreamConnection.receiveMessageWithAdditionalTimeout(InternalStreamConnection.java:574)
	at com.mongodb.internal.connection.InternalStreamConnection.receiveCommandMessageResponse(InternalStreamConnection.java:410)
	at com.mongodb.internal.connection.InternalStreamConnection.receive(InternalStreamConnection.java:369)
	at com.mongodb.internal.connection.DefaultServerMonitor$ServerMonitorRunnable.lookupServerDescription(DefaultServerMonitor.java:221)
	at com.mongodb.internal.connection.DefaultServerMonitor$ServerMonitorRunnable.run(DefaultServerMonitor.java:157)
	at java.base/java.lang.Thread.run(Thread.java:1516)
Caused by: java.net.SocketTimeoutException: Read timed out
	at java.base/sun.nio.ch.NioSocketImpl.timedRead(NioSocketImpl.java:276)
	at java.base/sun.nio.ch.NioSocketImpl.implRead(NioSocketImpl.java:302)
	at java.base/sun.nio.ch.NioSocketImpl.read(NioSocketImpl.java:360)
	at java.base/sun.nio.ch.NioSocketImpl$1.read(NioSocketImpl.java:802)
	at java.base/java.net.Socket$SocketInputStream.implRead(Socket.java:984)
	at java.base/java.net.Socket$SocketInputStream.read(Socket.java:974)
	at java.base/sun.security.ssl.SSLSocketInputRecord.read(SSLSocketInputRecord.java:489)
	at java.base/sun.security.ssl.SSLSocketInputRecord.readHeader(SSLSocketInputRecord.java:483)
	at java.base/sun.security.ssl.SSLSocketInputRecord.bytesInCompletePacket(SSLSocketInputRecord.java:70)
	at java.base/sun.security.ssl.SSLSocketImpl.readApplicationRecord(SSLSocketImpl.java:1461)
	at java.base/sun.security.ssl.SSLSocketImpl$AppInputStream.read(SSLSocketImpl.java:1068)
	at com.mongodb.internal.connection.SocketStream.read(SocketStream.java:110)
	at com.mongodb.internal.connection.SocketStream.read(SocketStream.java:135)
	at com.mongodb.internal.connection.InternalStreamConnection.receiveResponseBuffers(InternalStreamConnection.java:713)
	at com.mongodb.internal.connection.InternalStreamConnection.receiveMessageWithAdditionalTimeout(InternalStreamConnection.java:571)
	... 5 common frames omitted
26-05-19 16:17:46:643 [cluster-ClusterId{value='6a0c303badcc4a64fdddda62', description='null'}-ac-podweyd-shard-00-00.y2pqt6y.mongodb.net:27017] INFO  org.mongodb.driver.cluster - Exception in monitor thread while connecting to server ac-podweyd-shard-00-00.y2pqt6y.mongodb.net:27017 
com.mongodb.MongoSocketReadTimeoutException: Timeout while receiving message
	at com.mongodb.internal.connection.InternalStreamConnection.translateReadException(InternalStreamConnection.java:696)
	at com.mongodb.internal.connection.InternalStreamConnection.receiveMessageWithAdditionalTimeout(InternalStreamConnection.java:574)
	at com.mongodb.internal.connection.InternalStreamConnection.receiveCommandMessageResponse(InternalStreamConnection.java:410)
	at com.mongodb.internal.connection.InternalStreamConnection.receive(InternalStreamConnection.java:369)
	at com.mongodb.internal.connection.DefaultServerMonitor$ServerMonitorRunnable.lookupServerDescription(DefaultServerMonitor.java:221)
	at com.mongodb.internal.connection.DefaultServerMonitor$ServerMonitorRunnable.run(DefaultServerMonitor.java:157)
	at java.base/java.lang.Thread.run(Thread.java:1516)
Caused by: java.net.SocketTimeoutException: Read timed out
	at java.base/sun.nio.ch.NioSocketImpl.timedRead(NioSocketImpl.java:276)
	at java.base/sun.nio.ch.NioSocketImpl.implRead(NioSocketImpl.java:302)
	at java.base/sun.nio.ch.NioSocketImpl.read(NioSocketImpl.java:360)
	at java.base/sun.nio.ch.NioSocketImpl$1.read(NioSocketImpl.java:802)
	at java.base/java.net.Socket$SocketInputStream.implRead(Socket.java:984)
	at java.base/java.net.Socket$SocketInputStream.read(Socket.java:974)
	at java.base/sun.security.ssl.SSLSocketInputRecord.read(SSLSocketInputRecord.java:489)
	at java.base/sun.security.ssl.SSLSocketInputRecord.readHeader(SSLSocketInputRecord.java:483)
	at java.base/sun.security.ssl.SSLSocketInputRecord.bytesInCompletePacket(SSLSocketInputRecord.java:70)
	at java.base/sun.security.ssl.SSLSocketImpl.readApplicationRecord(SSLSocketImpl.java:1461)
	at java.base/sun.security.ssl.SSLSocketImpl$AppInputStream.read(SSLSocketImpl.java:1068)
	at com.mongodb.internal.connection.SocketStream.read(SocketStream.java:110)
	at com.mongodb.internal.connection.SocketStream.read(SocketStream.java:135)
	at com.mongodb.internal.connection.InternalStreamConnection.receiveResponseBuffers(InternalStreamConnection.java:713)
	at com.mongodb.internal.connection.InternalStreamConnection.receiveMessageWithAdditionalTimeout(InternalStreamConnection.java:571)
	... 5 common frames omitted
26-05-19 16:17:46:643 [cluster-ClusterId{value='6a0c303badcc4a64fdddda62', description='null'}-ac-podweyd-shard-00-02.y2pqt6y.mongodb.net:27017] INFO  org.mongodb.driver.cluster - Exception in monitor thread while connecting to server ac-podweyd-shard-00-02.y2pqt6y.mongodb.net:27017 
com.mongodb.MongoSocketReadTimeoutException: Timeout while receiving message
	at com.mongodb.internal.connection.InternalStreamConnection.translateReadException(InternalStreamConnection.java:696)
	at com.mongodb.internal.connection.InternalStreamConnection.receiveMessageWithAdditionalTimeout(InternalStreamConnection.java:574)
	at com.mongodb.internal.connection.InternalStreamConnection.receiveCommandMessageResponse(InternalStreamConnection.java:410)
	at com.mongodb.internal.connection.InternalStreamConnection.receive(InternalStreamConnection.java:369)
	at com.mongodb.internal.connection.DefaultServerMonitor$ServerMonitorRunnable.lookupServerDescription(DefaultServerMonitor.java:221)
	at com.mongodb.internal.connection.DefaultServerMonitor$ServerMonitorRunnable.run(DefaultServerMonitor.java:157)
	at java.base/java.lang.Thread.run(Thread.java:1516)
Caused by: java.net.SocketTimeoutException: Read timed out
	at java.base/sun.nio.ch.NioSocketImpl.timedRead(NioSocketImpl.java:276)
	at java.base/sun.nio.ch.NioSocketImpl.implRead(NioSocketImpl.java:302)
	at java.base/sun.nio.ch.NioSocketImpl.read(NioSocketImpl.java:360)
	at java.base/sun.nio.ch.NioSocketImpl$1.read(NioSocketImpl.java:802)
	at java.base/java.net.Socket$SocketInputStream.implRead(Socket.java:984)
	at java.base/java.net.Socket$SocketInputStream.read(Socket.java:974)
	at java.base/sun.security.ssl.SSLSocketInputRecord.read(SSLSocketInputRecord.java:489)
	at java.base/sun.security.ssl.SSLSocketInputRecord.readHeader(SSLSocketInputRecord.java:483)
	at java.base/sun.security.ssl.SSLSocketInputRecord.bytesInCompletePacket(SSLSocketInputRecord.java:70)
	at java.base/sun.security.ssl.SSLSocketImpl.readApplicationRecord(SSLSocketImpl.java:1461)
	at java.base/sun.security.ssl.SSLSocketImpl$AppInputStream.read(SSLSocketImpl.java:1068)
	at com.mongodb.internal.connection.SocketStream.read(SocketStream.java:110)
	at com.mongodb.internal.connection.SocketStream.read(SocketStream.java:135)
	at com.mongodb.internal.connection.InternalStreamConnection.receiveResponseBuffers(InternalStreamConnection.java:713)
	at com.mongodb.internal.connection.InternalStreamConnection.receiveMessageWithAdditionalTimeout(InternalStreamConnection.java:571)
	... 5 common frames omitted
26-05-19 16:17:47:108 [cluster-ClusterId{value='6a0c303badcc4a64fdddda62', description='null'}-ac-podweyd-shard-00-01.y2pqt6y.mongodb.net:27017] INFO  org.mongodb.driver.connection - Opened connection [connectionId{localValue:10, serverValue:653866}] to ac-podweyd-shard-00-01.y2pqt6y.mongodb.net:27017 
26-05-19 16:17:47:108 [cluster-ClusterId{value='6a0c303badcc4a64fdddda62', description='null'}-ac-podweyd-shard-00-02.y2pqt6y.mongodb.net:27017] INFO  org.mongodb.driver.connection - Opened connection [connectionId{localValue:9, serverValue:725395}] to ac-podweyd-shard-00-02.y2pqt6y.mongodb.net:27017 
26-05-19 16:17:47:111 [cluster-ClusterId{value='6a0c303badcc4a64fdddda62', description='null'}-ac-podweyd-shard-00-01.y2pqt6y.mongodb.net:27017] INFO  org.mongodb.driver.cluster - Monitor thread successfully connected to server with description ServerDescription{address=ac-podweyd-shard-00-01.y2pqt6y.mongodb.net:27017, type=REPLICA_SET_SECONDARY, state=CONNECTED, ok=true, minWireVersion=0, maxWireVersion=25, maxDocumentSize=16777216, logicalSessionTimeoutMinutes=30, roundTripTimeNanos=156176800, setName='atlas-agp8bk-shard-0', canonicalAddress=ac-podweyd-shard-00-01.y2pqt6y.mongodb.net:27017, hosts=[ac-podweyd-shard-00-00.y2pqt6y.mongodb.net:27017, ac-podweyd-shard-00-02.y2pqt6y.mongodb.net:27017, ac-podweyd-shard-00-01.y2pqt6y.mongodb.net:27017], passives=[], arbiters=[], primary='ac-podweyd-shard-00-02.y2pqt6y.mongodb.net:27017', tagSet=TagSet{[Tag{name='availabilityZone', value='aps1-az3'}, Tag{name='cacheState', value='READY'}, Tag{name='diskState', value='READY'}, Tag{name='nodeType', value='ELECTABLE'}, Tag{name='provider', value='AWS'}, Tag{name='region', value='AP_SOUTH_1'}, Tag{name='workloadType', value='OPERATIONAL'}]}, electionId=null, setVersion=233, topologyVersion=TopologyVersion{processId=6a038f008f04f0d608ece904, counter=3}, lastWriteDate=Tue May 19 16:17:48 IST 2026, lastUpdateTimeNanos=191744412443600} 
26-05-19 16:17:47:111 [cluster-ClusterId{value='6a0c303badcc4a64fdddda62', description='null'}-ac-podweyd-shard-00-02.y2pqt6y.mongodb.net:27017] INFO  org.mongodb.driver.cluster - Monitor thread successfully connected to server with description ServerDescription{address=ac-podweyd-shard-00-02.y2pqt6y.mongodb.net:27017, type=REPLICA_SET_PRIMARY, state=CONNECTED, ok=true, minWireVersion=0, maxWireVersion=25, maxDocumentSize=16777216, logicalSessionTimeoutMinutes=30, roundTripTimeNanos=202561900, setName='atlas-agp8bk-shard-0', canonicalAddress=ac-podweyd-shard-00-02.y2pqt6y.mongodb.net:27017, hosts=[ac-podweyd-shard-00-00.y2pqt6y.mongodb.net:27017, ac-podweyd-shard-00-02.y2pqt6y.mongodb.net:27017, ac-podweyd-shard-00-01.y2pqt6y.mongodb.net:27017], passives=[], arbiters=[], primary='ac-podweyd-shard-00-02.y2pqt6y.mongodb.net:27017', tagSet=TagSet{[Tag{name='availabilityZone', value='aps1-az2'}, Tag{name='cacheState', value='READY'}, Tag{name='diskState', value='READY'}, Tag{name='nodeType', value='ELECTABLE'}, Tag{name='provider', value='AWS'}, Tag{name='region', value='AP_SOUTH_1'}, Tag{name='workloadType', value='OPERATIONAL'}]}, electionId=7fffffff00000000000000fa, setVersion=233, topologyVersion=TopologyVersion{processId=6a038c3a6eee8d7b38c013cf, counter=6}, lastWriteDate=Tue May 19 16:17:48 IST 2026, lastUpdateTimeNanos=191744412438100} 
26-05-19 16:17:47:111 [cluster-ClusterId{value='6a0c303badcc4a64fdddda62', description='null'}-ac-podweyd-shard-00-00.y2pqt6y.mongodb.net:27017] INFO  org.mongodb.driver.connection - Opened connection [connectionId{localValue:8, serverValue:660917}] to ac-podweyd-shard-00-00.y2pqt6y.mongodb.net:27017 
26-05-19 16:17:47:111 [cluster-ClusterId{value='6a0c303badcc4a64fdddda62', description='null'}-ac-podweyd-shard-00-00.y2pqt6y.mongodb.net:27017] INFO  org.mongodb.driver.cluster - Monitor thread successfully connected to server with description ServerDescription{address=ac-podweyd-shard-00-00.y2pqt6y.mongodb.net:27017, type=REPLICA_SET_SECONDARY, state=CONNECTED, ok=true, minWireVersion=0, maxWireVersion=25, maxDocumentSize=16777216, logicalSessionTimeoutMinutes=30, roundTripTimeNanos=207944100, setName='atlas-agp8bk-shard-0', canonicalAddress=ac-podweyd-shard-00-00.y2pqt6y.mongodb.net:27017, hosts=[ac-podweyd-shard-00-00.y2pqt6y.mongodb.net:27017, ac-podweyd-shard-00-02.y2pqt6y.mongodb.net:27017, ac-podweyd-shard-00-01.y2pqt6y.mongodb.net:27017], passives=[], arbiters=[], primary='ac-podweyd-shard-00-02.y2pqt6y.mongodb.net:27017', tagSet=TagSet{[Tag{name='availabilityZone', value='aps1-az1'}, Tag{name='cacheState', value='READY'}, Tag{name='diskState', value='READY'}, Tag{name='nodeType', value='ELECTABLE'}, Tag{name='provider', value='AWS'}, Tag{name='region', value='AP_SOUTH_1'}, Tag{name='workloadType', value='OPERATIONAL'}]}, electionId=null, setVersion=233, topologyVersion=TopologyVersion{processId=6a0389bbf75b338bbf289a70, counter=4}, lastWriteDate=Tue May 19 16:17:48 IST 2026, lastUpdateTimeNanos=191744413886800} 
26-05-19 16:17:47:112 [cluster-ClusterId{value='6a0c303badcc4a64fdddda62', description='null'}-ac-podweyd-shard-00-02.y2pqt6y.mongodb.net:27017] INFO  org.mongodb.driver.cluster - Discovered replica set primary ac-podweyd-shard-00-02.y2pqt6y.mongodb.net:27017 
26-05-19 16:17:47:867 [cluster-rtt-ClusterId{value='6a0c303badcc4a64fdddda62', description='null'}-ac-podweyd-shard-00-01.y2pqt6y.mongodb.net:27017] INFO  org.mongodb.driver.connection - Opened connection [connectionId{localValue:11, serverValue:653864}] to ac-podweyd-shard-00-01.y2pqt6y.mongodb.net:27017 
26-05-19 16:17:47:868 [cluster-rtt-ClusterId{value='6a0c303badcc4a64fdddda62', description='null'}-ac-podweyd-shard-00-02.y2pqt6y.mongodb.net:27017] INFO  org.mongodb.driver.connection - Opened connection [connectionId{localValue:12, serverValue:725199}] to ac-podweyd-shard-00-02.y2pqt6y.mongodb.net:27017 
26-05-19 16:17:54:932 [cluster-rtt-ClusterId{value='6a0c303badcc4a64fdddda62', description='null'}-ac-podweyd-shard-00-00.y2pqt6y.mongodb.net:27017] INFO  org.mongodb.driver.connection - Opened connection [connectionId{localValue:13, serverValue:660955}] to ac-podweyd-shard-00-00.y2pqt6y.mongodb.net:27017 
26-05-19 16:48:48:108 [SpringApplicationShutdownHook] INFO  org.mongodb.driver.connection - Opened connection [connectionId{localValue:14, serverValue:729250}] to ac-podweyd-shard-00-02.y2pqt6y.mongodb.net:27017 
26-05-19 16:59:39:722 [main] INFO  c.p.j.JournalApplication - Starting JournalApplication using Java 26 on BUDDY with PID 27360 (C:\Users\nikhi\IdeaProjects\Journal App\target\classes started by nikhi in C:\Users\nikhi\IdeaProjects\Journal App) 
26-05-19 16:59:39:731 [main] INFO  c.p.j.JournalApplication - No active profile set, falling back to 1 default profile: "default" 
26-05-19 16:59:40:326 [main] INFO  o.s.d.r.c.RepositoryConfigurationDelegate - Bootstrapping Spring Data MongoDB repositories in DEFAULT mode. 
26-05-19 16:59:40:377 [main] INFO  o.s.d.r.c.RepositoryConfigurationDelegate - Finished Spring Data repository scanning in 47 ms. Found 3 MongoDB repository interfaces. 
26-05-19 16:59:40:780 [main] INFO  o.s.b.w.e.tomcat.TomcatWebServer - Tomcat initialized with port(s): 8080 (http) 
26-05-19 16:59:40:790 [main] INFO  o.a.coyote.http11.Http11NioProtocol - Initializing ProtocolHandler ["http-nio-8080"] 
26-05-19 16:59:40:791 [main] INFO  o.a.catalina.core.StandardService - Starting service [Tomcat] 
26-05-19 16:59:40:791 [main] INFO  o.a.catalina.core.StandardEngine - Starting Servlet engine: [Apache Tomcat/9.0.63] 
26-05-19 16:59:40:883 [main] INFO  o.a.c.c.C.[.[localhost].[/journal] - Initializing Spring embedded WebApplicationContext 
26-05-19 16:59:40:883 [main] INFO  o.s.b.w.s.c.ServletWebServerApplicationContext - Root WebApplicationContext: initialization completed in 1100 ms 
26-05-19 16:59:41:150 [main] INFO  org.mongodb.driver.client - MongoClient with metadata {"driver": {"name": "mongo-java-driver|sync|spring-boot", "version": "4.6.0"}, "os": {"type": "Windows", "name": "Windows 11", "architecture": "amd64", "version": "10.0"}, "platform": "Java/Oracle Corporation/26+35-2893", "application": {"name": "Cluster0"}} created with settings MongoClientSettings{readPreference=primary, writeConcern=WriteConcern{w=null, wTimeout=null ms, journal=null}, retryWrites=true, retryReads=true, readConcern=ReadConcern{level=null}, credential=MongoCredential{mechanism=null, userName='nikhilkhatri017_db_user', source='admin', password=<hidden>, mechanismProperties=<hidden>}, streamFactoryFactory=null, commandListeners=[], codecRegistry=ProvidersCodecRegistry{codecProviders=[ValueCodecProvider{}, BsonValueCodecProvider{}, DBRefCodecProvider{}, DBObjectCodecProvider{}, DocumentCodecProvider{}, IterableCodecProvider{}, MapCodecProvider{}, GeoJsonCodecProvider{}, GridFSFileCodecProvider{}, Jsr310CodecProvider{}, JsonObjectCodecProvider{}, BsonCodecProvider{}, EnumCodecProvider{}, com.mongodb.Jep395RecordCodecProvider@ae73c80]}, clusterSettings={hosts=[127.0.0.1:27017], srvHost=cluster0.y2pqt6y.mongodb.net, srvServiceName=mongodb, mode=MULTIPLE, requiredClusterType=REPLICA_SET, requiredReplicaSetName='atlas-agp8bk-shard-0', serverSelector='null', clusterListeners='[]', serverSelectionTimeout='30000 ms', localThreshold='30000 ms'}, socketSettings=SocketSettings{connectTimeoutMS=10000, readTimeoutMS=0, receiveBufferSize=0, sendBufferSize=0}, heartbeatSocketSettings=SocketSettings{connectTimeoutMS=10000, readTimeoutMS=10000, receiveBufferSize=0, sendBufferSize=0}, connectionPoolSettings=ConnectionPoolSettings{maxSize=100, minSize=0, maxWaitTimeMS=120000, maxConnectionLifeTimeMS=0, maxConnectionIdleTimeMS=0, maintenanceInitialDelayMS=0, maintenanceFrequencyMS=60000, connectionPoolListeners=[], maxConnecting=2}, serverSettings=ServerSettings{heartbeatFrequencyMS=10000, minHeartbeatFrequencyMS=500, serverListeners='[]', serverMonitorListeners='[]'}, sslSettings=SslSettings{enabled=true, invalidHostNameAllowed=false, context=null}, applicationName='Cluster0', compressorList=[], uuidRepresentation=JAVA_LEGACY, serverApi=null, autoEncryptionSettings=null, contextProvider=null} 
26-05-19 16:59:41:280 [cluster-ClusterId{value='6a0c49a51987c200f9e173de', description='null'}-srv-cluster0.y2pqt6y.mongodb.net] INFO  org.mongodb.driver.cluster - Adding discovered server ac-podweyd-shard-00-02.y2pqt6y.mongodb.net:27017 to client view of cluster 
26-05-19 16:59:41:304 [cluster-ClusterId{value='6a0c49a51987c200f9e173de', description='null'}-srv-cluster0.y2pqt6y.mongodb.net] INFO  org.mongodb.driver.cluster - Adding discovered server ac-podweyd-shard-00-01.y2pqt6y.mongodb.net:27017 to client view of cluster 
26-05-19 16:59:41:305 [cluster-ClusterId{value='6a0c49a51987c200f9e173de', description='null'}-srv-cluster0.y2pqt6y.mongodb.net] INFO  org.mongodb.driver.cluster - Adding discovered server ac-podweyd-shard-00-00.y2pqt6y.mongodb.net:27017 to client view of cluster 
26-05-19 16:59:41:414 [main] INFO  org.mongodb.driver.cluster - No server chosen by com.mongodb.client.internal.MongoClientDelegate$1@773014d3 from cluster description ClusterDescription{type=REPLICA_SET, connectionMode=MULTIPLE, serverDescriptions=[ServerDescription{address=ac-podweyd-shard-00-00.y2pqt6y.mongodb.net:27017, type=UNKNOWN, state=CONNECTING}, ServerDescription{address=ac-podweyd-shard-00-01.y2pqt6y.mongodb.net:27017, type=UNKNOWN, state=CONNECTING}, ServerDescription{address=ac-podweyd-shard-00-02.y2pqt6y.mongodb.net:27017, type=UNKNOWN, state=CONNECTING}]}. Waiting for 30000 ms before timing out 
26-05-19 16:59:41:849 [cluster-rtt-ClusterId{value='6a0c49a51987c200f9e173de', description='null'}-ac-podweyd-shard-00-02.y2pqt6y.mongodb.net:27017] INFO  org.mongodb.driver.connection - Opened connection [connectionId{localValue:2, serverValue:730929}] to ac-podweyd-shard-00-02.y2pqt6y.mongodb.net:27017 
26-05-19 16:59:41:849 [cluster-rtt-ClusterId{value='6a0c49a51987c200f9e173de', description='null'}-ac-podweyd-shard-00-00.y2pqt6y.mongodb.net:27017] INFO  org.mongodb.driver.connection - Opened connection [connectionId{localValue:6, serverValue:665532}] to ac-podweyd-shard-00-00.y2pqt6y.mongodb.net:27017 
26-05-19 16:59:41:849 [cluster-ClusterId{value='6a0c49a51987c200f9e173de', description='null'}-ac-podweyd-shard-00-01.y2pqt6y.mongodb.net:27017] INFO  org.mongodb.driver.connection - Opened connection [connectionId{localValue:5, serverValue:658492}] to ac-podweyd-shard-00-01.y2pqt6y.mongodb.net:27017 
26-05-19 16:59:41:849 [cluster-rtt-ClusterId{value='6a0c49a51987c200f9e173de', description='null'}-ac-podweyd-shard-00-01.y2pqt6y.mongodb.net:27017] INFO  org.mongodb.driver.connection - Opened connection [connectionId{localValue:4, serverValue:658492}] to ac-podweyd-shard-00-01.y2pqt6y.mongodb.net:27017 
26-05-19 16:59:41:849 [cluster-ClusterId{value='6a0c49a51987c200f9e173de', description='null'}-ac-podweyd-shard-00-02.y2pqt6y.mongodb.net:27017] INFO  org.mongodb.driver.connection - Opened connection [connectionId{localValue:1, serverValue:730929}] to ac-podweyd-shard-00-02.y2pqt6y.mongodb.net:27017 
26-05-19 16:59:41:849 [cluster-ClusterId{value='6a0c49a51987c200f9e173de', description='null'}-ac-podweyd-shard-00-02.y2pqt6y.mongodb.net:27017] INFO  org.mongodb.driver.cluster - Monitor thread successfully connected to server with description ServerDescription{address=ac-podweyd-shard-00-02.y2pqt6y.mongodb.net:27017, type=REPLICA_SET_PRIMARY, state=CONNECTED, ok=true, minWireVersion=0, maxWireVersion=25, maxDocumentSize=16777216, logicalSessionTimeoutMinutes=30, roundTripTimeNanos=287064500, setName='atlas-agp8bk-shard-0', canonicalAddress=ac-podweyd-shard-00-02.y2pqt6y.mongodb.net:27017, hosts=[ac-podweyd-shard-00-00.y2pqt6y.mongodb.net:27017, ac-podweyd-shard-00-02.y2pqt6y.mongodb.net:27017, ac-podweyd-shard-00-01.y2pqt6y.mongodb.net:27017], passives=[], arbiters=[], primary='ac-podweyd-shard-00-02.y2pqt6y.mongodb.net:27017', tagSet=TagSet{[Tag{name='availabilityZone', value='aps1-az2'}, Tag{name='cacheState', value='READY'}, Tag{name='diskState', value='READY'}, Tag{name='nodeType', value='ELECTABLE'}, Tag{name='provider', value='AWS'}, Tag{name='region', value='AP_SOUTH_1'}, Tag{name='workloadType', value='OPERATIONAL'}]}, electionId=7fffffff00000000000000fa, setVersion=233, topologyVersion=TopologyVersion{processId=6a038c3a6eee8d7b38c013cf, counter=6}, lastWriteDate=Tue May 19 16:59:42 IST 2026, lastUpdateTimeNanos=194259150895300} 
26-05-19 16:59:41:849 [cluster-ClusterId{value='6a0c49a51987c200f9e173de', description='null'}-ac-podweyd-shard-00-01.y2pqt6y.mongodb.net:27017] INFO  org.mongodb.driver.cluster - Monitor thread successfully connected to server with description ServerDescription{address=ac-podweyd-shard-00-01.y2pqt6y.mongodb.net:27017, type=REPLICA_SET_SECONDARY, state=CONNECTED, ok=true, minWireVersion=0, maxWireVersion=25, maxDocumentSize=16777216, logicalSessionTimeoutMinutes=30, roundTripTimeNanos=266713600, setName='atlas-agp8bk-shard-0', canonicalAddress=ac-podweyd-shard-00-01.y2pqt6y.mongodb.net:27017, hosts=[ac-podweyd-shard-00-00.y2pqt6y.mongodb.net:27017, ac-podweyd-shard-00-02.y2pqt6y.mongodb.net:27017, ac-podweyd-shard-00-01.y2pqt6y.mongodb.net:27017], passives=[], arbiters=[], primary='ac-podweyd-shard-00-02.y2pqt6y.mongodb.net:27017', tagSet=TagSet{[Tag{name='availabilityZone', value='aps1-az3'}, Tag{name='cacheState', value='READY'}, Tag{name='diskState', value='READY'}, Tag{name='nodeType', value='ELECTABLE'}, Tag{name='provider', value='AWS'}, Tag{name='region', value='AP_SOUTH_1'}, Tag{name='workloadType', value='OPERATIONAL'}]}, electionId=null, setVersion=233, topologyVersion=TopologyVersion{processId=6a038f008f04f0d608ece904, counter=3}, lastWriteDate=Tue May 19 16:59:42 IST 2026, lastUpdateTimeNanos=194259150642100} 
26-05-19 16:59:41:850 [cluster-ClusterId{value='6a0c49a51987c200f9e173de', description='null'}-ac-podweyd-shard-00-00.y2pqt6y.mongodb.net:27017] INFO  org.mongodb.driver.connection - Opened connection [connectionId{localValue:3, serverValue:665532}] to ac-podweyd-shard-00-00.y2pqt6y.mongodb.net:27017 
26-05-19 16:59:41:850 [cluster-ClusterId{value='6a0c49a51987c200f9e173de', description='null'}-ac-podweyd-shard-00-00.y2pqt6y.mongodb.net:27017] INFO  org.mongodb.driver.cluster - Monitor thread successfully connected to server with description ServerDescription{address=ac-podweyd-shard-00-00.y2pqt6y.mongodb.net:27017, type=REPLICA_SET_SECONDARY, state=CONNECTED, ok=true, minWireVersion=0, maxWireVersion=25, maxDocumentSize=16777216, logicalSessionTimeoutMinutes=30, roundTripTimeNanos=276986900, setName='atlas-agp8bk-shard-0', canonicalAddress=ac-podweyd-shard-00-00.y2pqt6y.mongodb.net:27017, hosts=[ac-podweyd-shard-00-00.y2pqt6y.mongodb.net:27017, ac-podweyd-shard-00-02.y2pqt6y.mongodb.net:27017, ac-podweyd-shard-00-01.y2pqt6y.mongodb.net:27017], passives=[], arbiters=[], primary='ac-podweyd-shard-00-02.y2pqt6y.mongodb.net:27017', tagSet=TagSet{[Tag{name='availabilityZone', value='aps1-az1'}, Tag{name='cacheState', value='READY'}, Tag{name='diskState', value='READY'}, Tag{name='nodeType', value='ELECTABLE'}, Tag{name='provider', value='AWS'}, Tag{name='region', value='AP_SOUTH_1'}, Tag{name='workloadType', value='OPERATIONAL'}]}, electionId=null, setVersion=233, topologyVersion=TopologyVersion{processId=6a0389bbf75b338bbf289a70, counter=4}, lastWriteDate=Tue May 19 16:59:42 IST 2026, lastUpdateTimeNanos=194259153096000} 
26-05-19 16:59:41:852 [cluster-ClusterId{value='6a0c49a51987c200f9e173de', description='null'}-ac-podweyd-shard-00-02.y2pqt6y.mongodb.net:27017] INFO  org.mongodb.driver.cluster - Setting max election id to 7fffffff00000000000000fa from replica set primary ac-podweyd-shard-00-02.y2pqt6y.mongodb.net:27017 
26-05-19 16:59:41:852 [cluster-ClusterId{value='6a0c49a51987c200f9e173de', description='null'}-ac-podweyd-shard-00-02.y2pqt6y.mongodb.net:27017] INFO  org.mongodb.driver.cluster - Setting max set version to 233 from replica set primary ac-podweyd-shard-00-02.y2pqt6y.mongodb.net:27017 
26-05-19 16:59:41:852 [cluster-ClusterId{value='6a0c49a51987c200f9e173de', description='null'}-ac-podweyd-shard-00-02.y2pqt6y.mongodb.net:27017] INFO  org.mongodb.driver.cluster - Discovered replica set primary ac-podweyd-shard-00-02.y2pqt6y.mongodb.net:27017 
26-05-19 16:59:42:084 [main] INFO  org.mongodb.driver.connection - Opened connection [connectionId{localValue:7, serverValue:730929}] to ac-podweyd-shard-00-02.y2pqt6y.mongodb.net:27017 
26-05-19 16:59:42:523 [main] INFO  o.s.s.web.DefaultSecurityFilterChain - Will secure any request with [org.springframework.security.web.session.DisableEncodeUrlFilter@69f080ad, org.springframework.security.web.context.request.async.WebAsyncManagerIntegrationFilter@6568f998, org.springframework.security.web.context.SecurityContextPersistenceFilter@191ec193, org.springframework.security.web.header.HeaderWriterFilter@7911cc15, org.springframework.security.web.authentication.logout.LogoutFilter@4eb9ae4d, org.springframework.security.web.authentication.www.BasicAuthenticationFilter@74e497ae, org.springframework.security.web.savedrequest.RequestCacheAwareFilter@1c7f9861, org.springframework.security.web.servletapi.SecurityContextHolderAwareRequestFilter@57ce2898, org.springframework.security.web.authentication.AnonymousAuthenticationFilter@45d4421d, org.springframework.security.web.session.SessionManagementFilter@7d50f2a8, org.springframework.security.web.access.ExceptionTranslationFilter@25a5c8e, org.springframework.security.web.access.intercept.FilterSecurityInterceptor@5c1b89ac] 
26-05-19 16:59:42:741 [main] INFO  o.a.coyote.http11.Http11NioProtocol - Starting ProtocolHandler ["http-nio-8080"] 
26-05-19 16:59:42:751 [main] INFO  o.s.b.w.e.tomcat.TomcatWebServer - Tomcat started on port(s): 8080 (http) with context path '/journal' 
26-05-19 16:59:42:757 [main] INFO  c.p.j.JournalApplication - Started JournalApplication in 3.435 seconds (JVM running for 4.113) 
26-05-19 17:00:33:907 [http-nio-8080-exec-1] INFO  o.a.c.c.C.[.[localhost].[/journal] - Initializing Spring DispatcherServlet 'dispatcherServlet' 
26-05-19 17:00:33:909 [http-nio-8080-exec-1] INFO  o.s.web.servlet.DispatcherServlet - Initializing Servlet 'dispatcherServlet' 
26-05-19 17:00:33:911 [http-nio-8080-exec-1] INFO  o.s.web.servlet.DispatcherServlet - Completed initialization in 1 ms 
26-05-19 17:18:46:684 [main] INFO  c.p.j.JournalApplication - Starting JournalApplication using Java 26 on BUDDY with PID 21188 (C:\Users\nikhi\IdeaProjects\Journal App\target\classes started by nikhi in C:\Users\nikhi\IdeaProjects\Journal App) 
26-05-19 17:18:46:688 [main] INFO  c.p.j.JournalApplication - No active profile set, falling back to 1 default profile: "default" 
26-05-19 17:18:47:143 [main] INFO  o.s.d.r.c.RepositoryConfigurationDelegate - Bootstrapping Spring Data MongoDB repositories in DEFAULT mode. 
26-05-19 17:18:47:184 [main] INFO  o.s.d.r.c.RepositoryConfigurationDelegate - Finished Spring Data repository scanning in 39 ms. Found 3 MongoDB repository interfaces. 
26-05-19 17:18:47:538 [main] INFO  o.s.b.w.e.tomcat.TomcatWebServer - Tomcat initialized with port(s): 8080 (http) 
26-05-19 17:18:47:546 [main] INFO  o.a.coyote.http11.Http11NioProtocol - Initializing ProtocolHandler ["http-nio-8080"] 
26-05-19 17:18:47:546 [main] INFO  o.a.catalina.core.StandardService - Starting service [Tomcat] 
26-05-19 17:18:47:547 [main] INFO  o.a.catalina.core.StandardEngine - Starting Servlet engine: [Apache Tomcat/9.0.63] 
26-05-19 17:18:47:628 [main] INFO  o.a.c.c.C.[.[localhost].[/journal] - Initializing Spring embedded WebApplicationContext 
26-05-19 17:18:47:628 [main] INFO  o.s.b.w.s.c.ServletWebServerApplicationContext - Root WebApplicationContext: initialization completed in 899 ms 
26-05-19 17:18:47:864 [main] INFO  org.mongodb.driver.client - MongoClient with metadata {"driver": {"name": "mongo-java-driver|sync|spring-boot", "version": "4.6.0"}, "os": {"type": "Windows", "name": "Windows 11", "architecture": "amd64", "version": "10.0"}, "platform": "Java/Oracle Corporation/26+35-2893", "application": {"name": "Cluster0"}} created with settings MongoClientSettings{readPreference=primary, writeConcern=WriteConcern{w=null, wTimeout=null ms, journal=null}, retryWrites=true, retryReads=true, readConcern=ReadConcern{level=null}, credential=MongoCredential{mechanism=null, userName='nikhilkhatri017_db_user', source='admin', password=<hidden>, mechanismProperties=<hidden>}, streamFactoryFactory=null, commandListeners=[], codecRegistry=ProvidersCodecRegistry{codecProviders=[ValueCodecProvider{}, BsonValueCodecProvider{}, DBRefCodecProvider{}, DBObjectCodecProvider{}, DocumentCodecProvider{}, IterableCodecProvider{}, MapCodecProvider{}, GeoJsonCodecProvider{}, GridFSFileCodecProvider{}, Jsr310CodecProvider{}, JsonObjectCodecProvider{}, BsonCodecProvider{}, EnumCodecProvider{}, com.mongodb.Jep395RecordCodecProvider@ae73c80]}, clusterSettings={hosts=[127.0.0.1:27017], srvHost=cluster0.y2pqt6y.mongodb.net, srvServiceName=mongodb, mode=MULTIPLE, requiredClusterType=REPLICA_SET, requiredReplicaSetName='atlas-agp8bk-shard-0', serverSelector='null', clusterListeners='[]', serverSelectionTimeout='30000 ms', localThreshold='30000 ms'}, socketSettings=SocketSettings{connectTimeoutMS=10000, readTimeoutMS=0, receiveBufferSize=0, sendBufferSize=0}, heartbeatSocketSettings=SocketSettings{connectTimeoutMS=10000, readTimeoutMS=10000, receiveBufferSize=0, sendBufferSize=0}, connectionPoolSettings=ConnectionPoolSettings{maxSize=100, minSize=0, maxWaitTimeMS=120000, maxConnectionLifeTimeMS=0, maxConnectionIdleTimeMS=0, maintenanceInitialDelayMS=0, maintenanceFrequencyMS=60000, connectionPoolListeners=[], maxConnecting=2}, serverSettings=ServerSettings{heartbeatFrequencyMS=10000, minHeartbeatFrequencyMS=500, serverListeners='[]', serverMonitorListeners='[]'}, sslSettings=SslSettings{enabled=true, invalidHostNameAllowed=false, context=null}, applicationName='Cluster0', compressorList=[], uuidRepresentation=JAVA_LEGACY, serverApi=null, autoEncryptionSettings=null, contextProvider=null} 
26-05-19 17:18:47:937 [cluster-ClusterId{value='6a0c4e1fedf35c00611c27db', description='null'}-srv-cluster0.y2pqt6y.mongodb.net] INFO  org.mongodb.driver.cluster - Adding discovered server ac-podweyd-shard-00-02.y2pqt6y.mongodb.net:27017 to client view of cluster 
26-05-19 17:18:47:952 [cluster-ClusterId{value='6a0c4e1fedf35c00611c27db', description='null'}-srv-cluster0.y2pqt6y.mongodb.net] INFO  org.mongodb.driver.cluster - Adding discovered server ac-podweyd-shard-00-01.y2pqt6y.mongodb.net:27017 to client view of cluster 
26-05-19 17:18:47:953 [cluster-ClusterId{value='6a0c4e1fedf35c00611c27db', description='null'}-srv-cluster0.y2pqt6y.mongodb.net] INFO  org.mongodb.driver.cluster - Adding discovered server ac-podweyd-shard-00-00.y2pqt6y.mongodb.net:27017 to client view of cluster 
26-05-19 17:18:48:097 [main] INFO  org.mongodb.driver.cluster - No server chosen by com.mongodb.client.internal.MongoClientDelegate$1@51e754e1 from cluster description ClusterDescription{type=REPLICA_SET, connectionMode=MULTIPLE, serverDescriptions=[ServerDescription{address=ac-podweyd-shard-00-00.y2pqt6y.mongodb.net:27017, type=UNKNOWN, state=CONNECTING}, ServerDescription{address=ac-podweyd-shard-00-01.y2pqt6y.mongodb.net:27017, type=UNKNOWN, state=CONNECTING}, ServerDescription{address=ac-podweyd-shard-00-02.y2pqt6y.mongodb.net:27017, type=UNKNOWN, state=CONNECTING}]}. Waiting for 30000 ms before timing out 
26-05-19 17:18:48:540 [cluster-ClusterId{value='6a0c4e1fedf35c00611c27db', description='null'}-ac-podweyd-shard-00-01.y2pqt6y.mongodb.net:27017] INFO  org.mongodb.driver.connection - Opened connection [connectionId{localValue:4, serverValue:660013}] to ac-podweyd-shard-00-01.y2pqt6y.mongodb.net:27017 
26-05-19 17:18:48:540 [cluster-ClusterId{value='6a0c4e1fedf35c00611c27db', description='null'}-ac-podweyd-shard-00-00.y2pqt6y.mongodb.net:27017] INFO  org.mongodb.driver.connection - Opened connection [connectionId{localValue:5, serverValue:667045}] to ac-podweyd-shard-00-00.y2pqt6y.mongodb.net:27017 
26-05-19 17:18:48:540 [cluster-rtt-ClusterId{value='6a0c4e1fedf35c00611c27db', description='null'}-ac-podweyd-shard-00-01.y2pqt6y.mongodb.net:27017] INFO  org.mongodb.driver.connection - Opened connection [connectionId{localValue:3, serverValue:660013}] to ac-podweyd-shard-00-01.y2pqt6y.mongodb.net:27017 
26-05-19 17:18:48:540 [cluster-ClusterId{value='6a0c4e1fedf35c00611c27db', description='null'}-ac-podweyd-shard-00-02.y2pqt6y.mongodb.net:27017] INFO  org.mongodb.driver.connection - Opened connection [connectionId{localValue:1, serverValue:732662}] to ac-podweyd-shard-00-02.y2pqt6y.mongodb.net:27017 
26-05-19 17:18:48:540 [cluster-rtt-ClusterId{value='6a0c4e1fedf35c00611c27db', description='null'}-ac-podweyd-shard-00-00.y2pqt6y.mongodb.net:27017] INFO  org.mongodb.driver.connection - Opened connection [connectionId{localValue:6, serverValue:667045}] to ac-podweyd-shard-00-00.y2pqt6y.mongodb.net:27017 
26-05-19 17:18:48:540 [cluster-rtt-ClusterId{value='6a0c4e1fedf35c00611c27db', description='null'}-ac-podweyd-shard-00-02.y2pqt6y.mongodb.net:27017] INFO  org.mongodb.driver.connection - Opened connection [connectionId{localValue:2, serverValue:732454}] to ac-podweyd-shard-00-02.y2pqt6y.mongodb.net:27017 
26-05-19 17:18:48:541 [cluster-ClusterId{value='6a0c4e1fedf35c00611c27db', description='null'}-ac-podweyd-shard-00-01.y2pqt6y.mongodb.net:27017] INFO  org.mongodb.driver.cluster - Monitor thread successfully connected to server with description ServerDescription{address=ac-podweyd-shard-00-01.y2pqt6y.mongodb.net:27017, type=REPLICA_SET_SECONDARY, state=CONNECTED, ok=true, minWireVersion=0, maxWireVersion=25, maxDocumentSize=16777216, logicalSessionTimeoutMinutes=30, roundTripTimeNanos=306523600, setName='atlas-agp8bk-shard-0', canonicalAddress=ac-podweyd-shard-00-01.y2pqt6y.mongodb.net:27017, hosts=[ac-podweyd-shard-00-00.y2pqt6y.mongodb.net:27017, ac-podweyd-shard-00-02.y2pqt6y.mongodb.net:27017, ac-podweyd-shard-00-01.y2pqt6y.mongodb.net:27017], passives=[], arbiters=[], primary='ac-podweyd-shard-00-02.y2pqt6y.mongodb.net:27017', tagSet=TagSet{[Tag{name='availabilityZone', value='aps1-az3'}, Tag{name='cacheState', value='READY'}, Tag{name='diskState', value='READY'}, Tag{name='nodeType', value='ELECTABLE'}, Tag{name='provider', value='AWS'}, Tag{name='region', value='AP_SOUTH_1'}, Tag{name='workloadType', value='OPERATIONAL'}]}, electionId=null, setVersion=233, topologyVersion=TopologyVersion{processId=6a038f008f04f0d608ece904, counter=3}, lastWriteDate=Tue May 19 17:18:49 IST 2026, lastUpdateTimeNanos=195405843150700} 
26-05-19 17:18:48:541 [cluster-ClusterId{value='6a0c4e1fedf35c00611c27db', description='null'}-ac-podweyd-shard-00-00.y2pqt6y.mongodb.net:27017] INFO  org.mongodb.driver.cluster - Monitor thread successfully connected to server with description ServerDescription{address=ac-podweyd-shard-00-00.y2pqt6y.mongodb.net:27017, type=REPLICA_SET_SECONDARY, state=CONNECTED, ok=true, minWireVersion=0, maxWireVersion=25, maxDocumentSize=16777216, logicalSessionTimeoutMinutes=30, roundTripTimeNanos=243347000, setName='atlas-agp8bk-shard-0', canonicalAddress=ac-podweyd-shard-00-00.y2pqt6y.mongodb.net:27017, hosts=[ac-podweyd-shard-00-00.y2pqt6y.mongodb.net:27017, ac-podweyd-shard-00-02.y2pqt6y.mongodb.net:27017, ac-podweyd-shard-00-01.y2pqt6y.mongodb.net:27017], passives=[], arbiters=[], primary='ac-podweyd-shard-00-02.y2pqt6y.mongodb.net:27017', tagSet=TagSet{[Tag{name='availabilityZone', value='aps1-az1'}, Tag{name='cacheState', value='READY'}, Tag{name='diskState', value='READY'}, Tag{name='nodeType', value='ELECTABLE'}, Tag{name='provider', value='AWS'}, Tag{name='region', value='AP_SOUTH_1'}, Tag{name='workloadType', value='OPERATIONAL'}]}, electionId=null, setVersion=233, topologyVersion=TopologyVersion{processId=6a0389bbf75b338bbf289a70, counter=4}, lastWriteDate=Tue May 19 17:18:49 IST 2026, lastUpdateTimeNanos=195405843150800} 
26-05-19 17:18:48:541 [cluster-ClusterId{value='6a0c4e1fedf35c00611c27db', description='null'}-ac-podweyd-shard-00-02.y2pqt6y.mongodb.net:27017] INFO  org.mongodb.driver.cluster - Monitor thread successfully connected to server with description ServerDescription{address=ac-podweyd-shard-00-02.y2pqt6y.mongodb.net:27017, type=REPLICA_SET_PRIMARY, state=CONNECTED, ok=true, minWireVersion=0, maxWireVersion=25, maxDocumentSize=16777216, logicalSessionTimeoutMinutes=30, roundTripTimeNanos=308808100, setName='atlas-agp8bk-shard-0', canonicalAddress=ac-podweyd-shard-00-02.y2pqt6y.mongodb.net:27017, hosts=[ac-podweyd-shard-00-00.y2pqt6y.mongodb.net:27017, ac-podweyd-shard-00-02.y2pqt6y.mongodb.net:27017, ac-podweyd-shard-00-01.y2pqt6y.mongodb.net:27017], passives=[], arbiters=[], primary='ac-podweyd-shard-00-02.y2pqt6y.mongodb.net:27017', tagSet=TagSet{[Tag{name='availabilityZone', value='aps1-az2'}, Tag{name='cacheState', value='READY'}, Tag{name='diskState', value='READY'}, Tag{name='nodeType', value='ELECTABLE'}, Tag{name='provider', value='AWS'}, Tag{name='region', value='AP_SOUTH_1'}, Tag{name='workloadType', value='OPERATIONAL'}]}, electionId=7fffffff00000000000000fa, setVersion=233, topologyVersion=TopologyVersion{processId=6a038c3a6eee8d7b38c013cf, counter=6}, lastWriteDate=Tue May 19 17:18:49 IST 2026, lastUpdateTimeNanos=195405843150800} 
26-05-19 17:18:48:544 [cluster-ClusterId{value='6a0c4e1fedf35c00611c27db', description='null'}-ac-podweyd-shard-00-02.y2pqt6y.mongodb.net:27017] INFO  org.mongodb.driver.cluster - Setting max election id to 7fffffff00000000000000fa from replica set primary ac-podweyd-shard-00-02.y2pqt6y.mongodb.net:27017 
26-05-19 17:18:48:544 [cluster-ClusterId{value='6a0c4e1fedf35c00611c27db', description='null'}-ac-podweyd-shard-00-02.y2pqt6y.mongodb.net:27017] INFO  org.mongodb.driver.cluster - Setting max set version to 233 from replica set primary ac-podweyd-shard-00-02.y2pqt6y.mongodb.net:27017 
26-05-19 17:18:48:544 [cluster-ClusterId{value='6a0c4e1fedf35c00611c27db', description='null'}-ac-podweyd-shard-00-02.y2pqt6y.mongodb.net:27017] INFO  org.mongodb.driver.cluster - Discovered replica set primary ac-podweyd-shard-00-02.y2pqt6y.mongodb.net:27017 
26-05-19 17:18:48:797 [main] INFO  org.mongodb.driver.connection - Opened connection [connectionId{localValue:7, serverValue:732454}] to ac-podweyd-shard-00-02.y2pqt6y.mongodb.net:27017 
26-05-19 17:18:49:231 [main] INFO  o.s.s.web.DefaultSecurityFilterChain - Will secure any request with [org.springframework.security.web.session.DisableEncodeUrlFilter@69f080ad, org.springframework.security.web.context.request.async.WebAsyncManagerIntegrationFilter@6568f998, org.springframework.security.web.context.SecurityContextPersistenceFilter@191ec193, org.springframework.security.web.header.HeaderWriterFilter@7911cc15, org.springframework.security.web.authentication.logout.LogoutFilter@4eb9ae4d, org.springframework.security.web.authentication.www.BasicAuthenticationFilter@74e497ae, org.springframework.security.web.savedrequest.RequestCacheAwareFilter@1c7f9861, org.springframework.security.web.servletapi.SecurityContextHolderAwareRequestFilter@57ce2898, org.springframework.security.web.authentication.AnonymousAuthenticationFilter@45d4421d, org.springframework.security.web.session.SessionManagementFilter@7d50f2a8, org.springframework.security.web.access.ExceptionTranslationFilter@25a5c8e, org.springframework.security.web.access.intercept.FilterSecurityInterceptor@5c1b89ac] 
26-05-19 17:18:49:440 [main] INFO  o.a.coyote.http11.Http11NioProtocol - Starting ProtocolHandler ["http-nio-8080"] 
26-05-19 17:18:49:451 [main] INFO  o.s.b.w.e.tomcat.TomcatWebServer - Tomcat started on port(s): 8080 (http) with context path '/journal' 
26-05-19 17:18:49:458 [main] INFO  c.p.j.JournalApplication - Started JournalApplication in 3.067 seconds (JVM running for 3.604) 
26-05-19 17:18:54:532 [http-nio-8080-exec-1] INFO  o.a.c.c.C.[.[localhost].[/journal] - Initializing Spring DispatcherServlet 'dispatcherServlet' 
26-05-19 17:18:54:533 [http-nio-8080-exec-1] INFO  o.s.web.servlet.DispatcherServlet - Initializing Servlet 'dispatcherServlet' 
26-05-19 17:18:54:534 [http-nio-8080-exec-1] INFO  o.s.web.servlet.DispatcherServlet - Completed initialization in 1 ms 
